<?xml version="1.0" encoding="UTF-8"?>
<!-- Generated by org.testng.reporters.JUnitReportReporter -->
<testsuite hostname="DESKTOP-D29KI0E" failures="0" tests="1" name="com.leaptaps.ui.testcases.CreateLead" time="52.854" errors="0" timestamp="2024-04-04T16:01:41 IST" skipped="0">
  <testcase classname="com.leaptaps.ui.testcases.CreateLead" name="createLead" time="52.854"/>
  <system-out/>
</testsuite> <!-- com.leaptaps.ui.testcases.CreateLead -->
