<?xml version="1.0" encoding="UTF-8"?>
<!-- Generated by org.testng.reporters.JUnitReportReporter -->
<testsuite hostname="DESKTOP-D29KI0E" failures="0" tests="2" name="com.testng.dataprovider.learning.CreateLead" time="7.992" errors="0" timestamp="2024-05-22T13:34:44 IST" skipped="1">
  <testcase classname="com.testng.dataprovider.learning.CreateLead" name="printValues" time="7.992"/>
  <system-out/>
  <testcase classname="com.testng.dataprovider.learning.CreateLead" name="createLead" time="0.000">
    <skipped/>
  </testcase> <!-- createLead -->
  <system-out/>
</testsuite> <!-- com.testng.dataprovider.learning.CreateLead -->
